<?xml version="1.0" encoding="UTF-8"?>
<testng-results ignored="0" total="2" passed="2" failed="0" skipped="0">
  <reporter-output>
  </reporter-output>
  <suite started-at="2023-06-27T11:59:21 IST" name="Default suite" finished-at="2023-06-27T11:59:21 IST" duration-ms="43">
    <groups>
    </groups>
    <test started-at="2023-06-27T11:59:21 IST" name="Default test" finished-at="2023-06-27T11:59:21 IST" duration-ms="43">
      <class name="testNGTutorial.TestDemo">
        <test-method signature="hello()[pri:0, instance:testNGTutorial.TestDemo@2a265ea9]" started-at="2023-06-27T11:59:21 IST" name="hello" finished-at="2023-06-27T11:59:21 IST" duration-ms="7" status="PASS">
          <reporter-output>
          </reporter-output>
        </test-method> <!-- hello -->
        <test-method signature="print()[pri:0, instance:testNGTutorial.TestDemo@2a265ea9]" started-at="2023-06-27T11:59:21 IST" name="print" finished-at="2023-06-27T11:59:21 IST" duration-ms="2" status="PASS">
          <reporter-output>
          </reporter-output>
        </test-method> <!-- print -->
      </class> <!-- testNGTutorial.TestDemo -->
    </test> <!-- Default test -->
  </suite> <!-- Default suite -->
</testng-results>
